/usr/lib/python3/dist-packages/setuptools/dist.py:723: UserWarning: Usage of dash-separated 'script-dir' will not be supported in future versions. Please use the underscore name 'script_dir' instead
  warnings.warn(
running egg_info
creating ../../build/cozmo_ros2_nosdk/cozmo_ros2_nosdk.egg-info
writing ../../build/cozmo_ros2_nosdk/cozmo_ros2_nosdk.egg-info/PKG-INFO
writing dependency_links to ../../build/cozmo_ros2_nosdk/cozmo_ros2_nosdk.egg-info/dependency_links.txt
writing entry points to ../../build/cozmo_ros2_nosdk/cozmo_ros2_nosdk.egg-info/entry_points.txt
writing requirements to ../../build/cozmo_ros2_nosdk/cozmo_ros2_nosdk.egg-info/requires.txt
writing top-level names to ../../build/cozmo_ros2_nosdk/cozmo_ros2_nosdk.egg-info/top_level.txt
writing manifest file '../../build/cozmo_ros2_nosdk/cozmo_ros2_nosdk.egg-info/SOURCES.txt'
reading manifest file '../../build/cozmo_ros2_nosdk/cozmo_ros2_nosdk.egg-info/SOURCES.txt'
writing manifest file '../../build/cozmo_ros2_nosdk/cozmo_ros2_nosdk.egg-info/SOURCES.txt'
running build
running build_py
creating /home/marvin/cozmo_ros2_ws/build/cozmo_ros2_nosdk/build
creating /home/marvin/cozmo_ros2_ws/build/cozmo_ros2_nosdk/build/lib
creating /home/marvin/cozmo_ros2_ws/build/cozmo_ros2_nosdk/build/lib/cozmo_ros2_nosdk
copying cozmo_ros2_nosdk/bringup.py -> /home/marvin/cozmo_ros2_ws/build/cozmo_ros2_nosdk/build/lib/cozmo_ros2_nosdk
copying cozmo_ros2_nosdk/teleop_twist_keyboard.py -> /home/marvin/cozmo_ros2_ws/build/cozmo_ros2_nosdk/build/lib/cozmo_ros2_nosdk
copying cozmo_ros2_nosdk/__init__.py -> /home/marvin/cozmo_ros2_ws/build/cozmo_ros2_nosdk/build/lib/cozmo_ros2_nosdk
running install
running install_lib
creating /home/marvin/cozmo_ros2_ws/install/cozmo_ros2_nosdk/lib/python3.10/site-packages/cozmo_ros2_nosdk
copying /home/marvin/cozmo_ros2_ws/build/cozmo_ros2_nosdk/build/lib/cozmo_ros2_nosdk/bringup.py -> /home/marvin/cozmo_ros2_ws/install/cozmo_ros2_nosdk/lib/python3.10/site-packages/cozmo_ros2_nosdk
copying /home/marvin/cozmo_ros2_ws/build/cozmo_ros2_nosdk/build/lib/cozmo_ros2_nosdk/teleop_twist_keyboard.py -> /home/marvin/cozmo_ros2_ws/install/cozmo_ros2_nosdk/lib/python3.10/site-packages/cozmo_ros2_nosdk
copying /home/marvin/cozmo_ros2_ws/build/cozmo_ros2_nosdk/build/lib/cozmo_ros2_nosdk/__init__.py -> /home/marvin/cozmo_ros2_ws/install/cozmo_ros2_nosdk/lib/python3.10/site-packages/cozmo_ros2_nosdk
byte-compiling /home/marvin/cozmo_ros2_ws/install/cozmo_ros2_nosdk/lib/python3.10/site-packages/cozmo_ros2_nosdk/bringup.py to bringup.cpython-310.pyc
byte-compiling /home/marvin/cozmo_ros2_ws/install/cozmo_ros2_nosdk/lib/python3.10/site-packages/cozmo_ros2_nosdk/teleop_twist_keyboard.py to teleop_twist_keyboard.cpython-310.pyc
byte-compiling /home/marvin/cozmo_ros2_ws/install/cozmo_ros2_nosdk/lib/python3.10/site-packages/cozmo_ros2_nosdk/__init__.py to __init__.cpython-310.pyc
running install_egg_info
Copying ../../build/cozmo_ros2_nosdk/cozmo_ros2_nosdk.egg-info to /home/marvin/cozmo_ros2_ws/install/cozmo_ros2_nosdk/lib/python3.10/site-packages/cozmo_ros2_nosdk-0.7.0-py3.10.egg-info
running install_scripts
Installing bringup script to /home/marvin/cozmo_ros2_ws/install/cozmo_ros2_nosdk/lib/cozmo_ros2_nosdk
Installing teleop_twist_keyboard script to /home/marvin/cozmo_ros2_ws/install/cozmo_ros2_nosdk/lib/cozmo_ros2_nosdk
writing list of installed files to '/home/marvin/cozmo_ros2_ws/build/cozmo_ros2_nosdk/install.log'
