[0.010s] Invoking command in '/home/marvin/cozmo_ros2_ws/build/cv_bridge': CMAKE_PREFIX_PATH=/opt/ros/iron /usr/bin/cmake /home/marvin/cozmo_ros2_ws/src/vision_opencv/cv_bridge -DCMAKE_INSTALL_PREFIX=/home/marvin/cozmo_ros2_ws/install/cv_bridge
[0.115s] -- The C compiler identification is GNU 11.4.0
[0.177s] -- The CXX compiler identification is GNU 11.4.0
[0.184s] -- Detecting C compiler ABI info
[0.236s] -- Detecting C compiler ABI info - done
[0.240s] -- Check for working C compiler: /usr/bin/cc - skipped
[0.240s] -- Detecting C compile features
[0.240s] -- Detecting C compile features - done
[0.242s] -- Detecting CXX compiler ABI info
[0.302s] -- Detecting CXX compiler ABI info - done
[0.309s] -- Check for working CXX compiler: /usr/bin/c++ - skipped
[0.309s] -- Detecting CXX compile features
[0.309s] -- Detecting CXX compile features - done
[0.311s] -- Found ament_cmake_ros: 0.11.2 (/opt/ros/iron/share/ament_cmake_ros/cmake)
[0.424s] -- Found Python3: /usr/bin/python3.10 (found version "3.10.12") found components: Interpreter 
[0.485s] -- Found PythonLibs: /usr/lib/x86_64-linux-gnu/libpython3.10.so (found version "3.10.12") 
[0.496s] -- Found Boost: /usr/lib/x86_64-linux-gnu/cmake/Boost-1.74.0/BoostConfig.cmake (found version "1.74.0") found components: python 
[0.498s] -- Found sensor_msgs: 5.0.1 (/opt/ros/iron/share/sensor_msgs/cmake)
[0.517s] -- Found rosidl_generator_c: 4.0.1 (/opt/ros/iron/share/rosidl_generator_c/cmake)
[0.525s] -- Found rosidl_generator_cpp: 4.0.1 (/opt/ros/iron/share/rosidl_generator_cpp/cmake)
[0.536s] -- Using all available rosidl_typesupport_c: rosidl_typesupport_fastrtps_c;rosidl_typesupport_introspection_c
[0.549s] -- Using all available rosidl_typesupport_cpp: rosidl_typesupport_fastrtps_cpp;rosidl_typesupport_introspection_cpp
[0.681s] -- Found OpenCV: /usr (found version "4.5.4") found components: opencv_core opencv_imgproc opencv_imgcodecs 
[0.732s] -- Performing Test COMPILER_HAS_HIDDEN_VISIBILITY
[0.785s] -- Performing Test COMPILER_HAS_HIDDEN_VISIBILITY - Success
[0.786s] -- Performing Test COMPILER_HAS_HIDDEN_INLINE_VISIBILITY
[0.843s] -- Performing Test COMPILER_HAS_HIDDEN_INLINE_VISIBILITY - Success
[0.843s] -- Performing Test COMPILER_HAS_DEPRECATED_ATTR
[0.896s] -- Performing Test COMPILER_HAS_DEPRECATED_ATTR - Success
[0.910s] -- Found PythonInterp: /usr/bin/python3.10 (found version "3.10.12") 
[0.912s] -- Found PythonLibs: /usr/lib/x86_64-linux-gnu/libpython3.10.so (found suitable version "3.10.12", minimum required is "3.10") 
[1.012s] -- Found ament_lint_auto: 0.14.3 (/opt/ros/iron/share/ament_lint_auto/cmake)
[1.088s] -- Found gtest sources under '/opt/ros/iron/src/gtest_vendor': C++ tests using 'Google Test' will be built
[1.090s] -- Looking for pthread.h
[1.154s] -- Looking for pthread.h - found
[1.154s] -- Performing Test CMAKE_HAVE_LIBC_PTHREAD
[1.213s] -- Performing Test CMAKE_HAVE_LIBC_PTHREAD - Success
[1.214s] -- Found Threads: TRUE  
[1.863s] -- Configuring done
[1.881s] -- Generating done
[1.882s] -- Build files have been written to: /home/marvin/cozmo_ros2_ws/build/cv_bridge
[1.889s] Invoked command in '/home/marvin/cozmo_ros2_ws/build/cv_bridge' returned '0': CMAKE_PREFIX_PATH=/opt/ros/iron /usr/bin/cmake /home/marvin/cozmo_ros2_ws/src/vision_opencv/cv_bridge -DCMAKE_INSTALL_PREFIX=/home/marvin/cozmo_ros2_ws/install/cv_bridge
[1.889s] Invoking command in '/home/marvin/cozmo_ros2_ws/build/cv_bridge': CMAKE_PREFIX_PATH=/opt/ros/iron /usr/bin/cmake --build /home/marvin/cozmo_ros2_ws/build/cv_bridge -- -j20 -l20
[1.925s] [  6%] [32mBuilding CXX object src/CMakeFiles/cv_bridge.dir/rgb_colors.cpp.o[0m
[1.927s] [ 12%] [32mBuilding CXX object gtest/CMakeFiles/gtest_main.dir/src/gtest_main.cc.o[0m
[1.927s] [ 18%] [32mBuilding CXX object src/CMakeFiles/cv_bridge.dir/cv_bridge.cpp.o[0m
[1.927s] [ 25%] [32mBuilding CXX object gtest/CMakeFiles/gtest.dir/src/gtest-all.cc.o[0m
[1.931s] [ 25%] Built target ament_cmake_python_copy_cv_bridge
[2.084s] running egg_info
[2.084s] creating cv_bridge.egg-info
[2.084s] writing cv_bridge.egg-info/PKG-INFO
[2.085s] writing dependency_links to cv_bridge.egg-info/dependency_links.txt
[2.085s] writing top-level names to cv_bridge.egg-info/top_level.txt
[2.085s] writing manifest file 'cv_bridge.egg-info/SOURCES.txt'
[2.086s] reading manifest file 'cv_bridge.egg-info/SOURCES.txt'
[2.086s] writing manifest file 'cv_bridge.egg-info/SOURCES.txt'
[2.108s] [ 25%] Built target ament_cmake_python_build_cv_bridge_egg
[2.307s] [ 31%] [32m[1mLinking CXX static library libgtest_main.a[0m
[2.335s] [ 31%] Built target gtest_main
[3.695s] [ 37%] [32m[1mLinking CXX static library libgtest.a[0m
[3.747s] [ 37%] Built target gtest
[4.266s] [ 43%] [32m[1mLinking CXX shared library libcv_bridge.so[0m
[4.357s] [ 43%] Built target cv_bridge
[4.374s] [ 50%] [32mBuilding CXX object test/CMakeFiles/cv_bridge-utest.dir/utest.cpp.o[0m
[4.374s] [ 56%] [32mBuilding CXX object test/CMakeFiles/cv_bridge-utest.dir/utest2.cpp.o[0m
[4.374s] [ 62%] [32mBuilding CXX object test/CMakeFiles/cv_bridge-utest.dir/test_compression.cpp.o[0m
[4.374s] [ 68%] [32mBuilding CXX object test/CMakeFiles/cv_bridge-utest.dir/test_rgb_colors.cpp.o[0m
[4.376s] [ 75%] [32mBuilding CXX object src/CMakeFiles/cv_bridge_boost.dir/module.cpp.o[0m
[4.376s] [ 81%] [32mBuilding CXX object test/CMakeFiles/cv_bridge-utest.dir/test_endian.cpp.o[0m
[4.376s] [ 87%] [32mBuilding CXX object src/CMakeFiles/cv_bridge_boost.dir/module_opencv4.cpp.o[0m
[6.562s] In file included from [01m[K/usr/include/boost/smart_ptr/detail/sp_thread_sleep.hpp:22[m[K,
[6.562s]                  from [01m[K/usr/include/boost/smart_ptr/detail/yield_k.hpp:23[m[K,
[6.562s]                  from [01m[K/usr/include/boost/smart_ptr/detail/spinlock_gcc_atomic.hpp:14[m[K,
[6.562s]                  from [01m[K/usr/include/boost/smart_ptr/detail/spinlock.hpp:42[m[K,
[6.562s]                  from [01m[K/usr/include/boost/smart_ptr/detail/spinlock_pool.hpp:25[m[K,
[6.562s]                  from [01m[K/usr/include/boost/smart_ptr/shared_ptr.hpp:29[m[K,
[6.563s]                  from [01m[K/usr/include/boost/shared_ptr.hpp:17[m[K,
[6.563s]                  from [01m[K/usr/include/boost/python/converter/shared_ptr_to_python.hpp:12[m[K,
[6.563s]                  from [01m[K/usr/include/boost/python/converter/arg_to_python.hpp:15[m[K,
[6.563s]                  from [01m[K/usr/include/boost/python/call.hpp:15[m[K,
[6.563s]                  from [01m[K/usr/include/boost/python/object_core.hpp:14[m[K,
[6.563s]                  from [01m[K/usr/include/boost/python/args.hpp:22[m[K,
[6.563s]                  from [01m[K/usr/include/boost/python.hpp:11[m[K,
[6.563s]                  from [01m[K/home/marvin/cozmo_ros2_ws/src/vision_opencv/cv_bridge/src/module.hpp:24[m[K,
[6.563s]                  from [01m[K/home/marvin/cozmo_ros2_ws/src/vision_opencv/cv_bridge/src/module_opencv4.cpp:3[m[K:
[6.563s] [01m[K/usr/include/boost/bind.hpp:36:1:[m[K [01;36m[Knote: [m[K‘[01m[K#pragma message: The practice of declaring the Bind placeholders (_1, _2, ...) in the global namespace is deprecated. Please use <boost/bind/bind.hpp> + using namespace boost::placeholders, or define BOOST_BIND_GLOBAL_PLACEHOLDERS to retain the current behavior.[m[K’
[6.563s]    36 | [01;36m[KBOOST_PRAGMA_MESSAGE[m[K(
[6.563s]       | [01;36m[K^~~~~~~~~~~~~~~~~~~~[m[K
[6.566s] [01m[K/usr/include/boost/detail/iterator.hpp:13:1:[m[K [01;36m[Knote: [m[K‘[01m[K#pragma message: This header is deprecated. Use <iterator> instead.[m[K’
[6.566s]    13 | [01;36m[KBOOST_HEADER_DEPRECATED[m[K("<iterator>")
[6.567s]       | [01;36m[K^~~~~~~~~~~~~~~~~~~~~~~[m[K
[6.757s] [ 93%] [32m[1mLinking CXX executable cv_bridge-utest[0m
[6.760s] In file included from [01m[K/usr/include/boost/smart_ptr/detail/sp_thread_sleep.hpp:22[m[K,
[6.760s]                  from [01m[K/usr/include/boost/smart_ptr/detail/yield_k.hpp:23[m[K,
[6.761s]                  from [01m[K/usr/include/boost/smart_ptr/detail/spinlock_gcc_atomic.hpp:14[m[K,
[6.761s]                  from [01m[K/usr/include/boost/smart_ptr/detail/spinlock.hpp:42[m[K,
[6.761s]                  from [01m[K/usr/include/boost/smart_ptr/detail/spinlock_pool.hpp:25[m[K,
[6.761s]                  from [01m[K/usr/include/boost/smart_ptr/shared_ptr.hpp:29[m[K,
[6.761s]                  from [01m[K/usr/include/boost/shared_ptr.hpp:17[m[K,
[6.761s]                  from [01m[K/usr/include/boost/python/converter/shared_ptr_to_python.hpp:12[m[K,
[6.761s]                  from [01m[K/usr/include/boost/python/converter/arg_to_python.hpp:15[m[K,
[6.761s]                  from [01m[K/usr/include/boost/python/call.hpp:15[m[K,
[6.761s]                  from [01m[K/usr/include/boost/python/object_core.hpp:14[m[K,
[6.761s]                  from [01m[K/usr/include/boost/python/args.hpp:22[m[K,
[6.761s]                  from [01m[K/usr/include/boost/python.hpp:11[m[K,
[6.761s]                  from [01m[K/home/marvin/cozmo_ros2_ws/src/vision_opencv/cv_bridge/src/module.hpp:24[m[K,
[6.761s]                  from [01m[K/home/marvin/cozmo_ros2_ws/src/vision_opencv/cv_bridge/src/module.cpp:36[m[K:
[6.762s] [01m[K/usr/include/boost/bind.hpp:36:1:[m[K [01;36m[Knote: [m[K‘[01m[K#pragma message: The practice of declaring the Bind placeholders (_1, _2, ...) in the global namespace is deprecated. Please use <boost/bind/bind.hpp> + using namespace boost::placeholders, or define BOOST_BIND_GLOBAL_PLACEHOLDERS to retain the current behavior.[m[K’
[6.762s]    36 | [01;36m[KBOOST_PRAGMA_MESSAGE[m[K(
[6.762s]       | [01;36m[K^~~~~~~~~~~~~~~~~~~~[m[K
[6.764s] [01m[K/usr/include/boost/detail/iterator.hpp:13:1:[m[K [01;36m[Knote: [m[K‘[01m[K#pragma message: This header is deprecated. Use <iterator> instead.[m[K’
[6.765s]    13 | [01;36m[KBOOST_HEADER_DEPRECATED[m[K("<iterator>")
[6.765s]       | [01;36m[K^~~~~~~~~~~~~~~~~~~~~~~[m[K
[6.935s] [01m[K/home/marvin/cozmo_ros2_ws/src/vision_opencv/cv_bridge/src/module_opencv4.cpp:78:18:[m[K [01;35m[Kwarning: [m[K‘[01m[KPyObject* failmsgp(const char*, ...)[m[K’ defined but not used [[01;35m[K]8;;https://gcc.gnu.org/onlinedocs/gcc/Warning-Options.html#index-Wunused-function-Wunused-function]8;;[m[K]
[6.935s]    78 | static PyObject* [01;35m[Kfailmsgp[m[K(const char *fmt, ...)
[6.935s]       |                  [01;35m[K^~~~~~~~[m[K
[7.173s] [ 93%] Built target cv_bridge-utest
[7.867s] [100%] [32m[1mLinking CXX shared library boost/cv_bridge_boost.so[0m
[8.012s] [100%] Built target cv_bridge_boost
[8.024s] Invoked command in '/home/marvin/cozmo_ros2_ws/build/cv_bridge' returned '0': CMAKE_PREFIX_PATH=/opt/ros/iron /usr/bin/cmake --build /home/marvin/cozmo_ros2_ws/build/cv_bridge -- -j20 -l20
[8.053s] Invoking command in '/home/marvin/cozmo_ros2_ws/build/cv_bridge': CMAKE_PREFIX_PATH=/opt/ros/iron /usr/bin/cmake --install /home/marvin/cozmo_ros2_ws/build/cv_bridge
[8.060s] -- Install configuration: ""
[8.060s] -- Installing: /home/marvin/cozmo_ros2_ws/install/cv_bridge/share/cv_bridge/environment/library_path.sh
[8.060s] -- Installing: /home/marvin/cozmo_ros2_ws/install/cv_bridge/share/cv_bridge/environment/library_path.dsv
[8.060s] -- Installing: /home/marvin/cozmo_ros2_ws/install/cv_bridge/include/cv_bridge
[8.060s] -- Installing: /home/marvin/cozmo_ros2_ws/install/cv_bridge/include/cv_bridge/cv_bridge.h
[8.060s] -- Installing: /home/marvin/cozmo_ros2_ws/install/cv_bridge/include/cv_bridge/rgb_colors.h
[8.060s] -- Installing: /home/marvin/cozmo_ros2_ws/install/cv_bridge/share/ament_index/resource_index/package_run_dependencies/cv_bridge
[8.060s] -- Installing: /home/marvin/cozmo_ros2_ws/install/cv_bridge/share/ament_index/resource_index/parent_prefix_path/cv_bridge
[8.060s] -- Installing: /home/marvin/cozmo_ros2_ws/install/cv_bridge/share/cv_bridge/environment/ament_prefix_path.sh
[8.060s] -- Installing: /home/marvin/cozmo_ros2_ws/install/cv_bridge/share/cv_bridge/environment/ament_prefix_path.dsv
[8.060s] -- Installing: /home/marvin/cozmo_ros2_ws/install/cv_bridge/share/cv_bridge/environment/path.sh
[8.061s] -- Installing: /home/marvin/cozmo_ros2_ws/install/cv_bridge/share/cv_bridge/environment/path.dsv
[8.061s] -- Installing: /home/marvin/cozmo_ros2_ws/install/cv_bridge/share/cv_bridge/local_setup.bash
[8.061s] -- Installing: /home/marvin/cozmo_ros2_ws/install/cv_bridge/share/cv_bridge/local_setup.sh
[8.061s] -- Installing: /home/marvin/cozmo_ros2_ws/install/cv_bridge/share/cv_bridge/local_setup.zsh
[8.061s] -- Installing: /home/marvin/cozmo_ros2_ws/install/cv_bridge/share/cv_bridge/local_setup.dsv
[8.061s] -- Installing: /home/marvin/cozmo_ros2_ws/install/cv_bridge/share/cv_bridge/package.dsv
[8.061s] -- Installing: /home/marvin/cozmo_ros2_ws/install/cv_bridge/share/ament_index/resource_index/packages/cv_bridge
[8.061s] -- Installing: /home/marvin/cozmo_ros2_ws/install/cv_bridge/share/cv_bridge/cmake/cv_bridge-extras.cmake
[8.061s] -- Installing: /home/marvin/cozmo_ros2_ws/install/cv_bridge/share/cv_bridge/cmake/ament_cmake_export_dependencies-extras.cmake
[8.061s] -- Installing: /home/marvin/cozmo_ros2_ws/install/cv_bridge/share/cv_bridge/cmake/ament_cmake_export_include_directories-extras.cmake
[8.061s] -- Installing: /home/marvin/cozmo_ros2_ws/install/cv_bridge/share/cv_bridge/cmake/ament_cmake_export_libraries-extras.cmake
[8.061s] -- Installing: /home/marvin/cozmo_ros2_ws/install/cv_bridge/share/cv_bridge/cmake/cv_bridgeConfig.cmake
[8.061s] -- Installing: /home/marvin/cozmo_ros2_ws/install/cv_bridge/share/cv_bridge/cmake/cv_bridgeConfig-version.cmake
[8.061s] -- Installing: /home/marvin/cozmo_ros2_ws/install/cv_bridge/share/cv_bridge/package.xml
[8.061s] -- Installing: /home/marvin/cozmo_ros2_ws/install/cv_bridge/share/cv_bridge/environment/pythonpath.sh
[8.061s] -- Installing: /home/marvin/cozmo_ros2_ws/install/cv_bridge/share/cv_bridge/environment/pythonpath.dsv
[8.061s] -- Installing: /home/marvin/cozmo_ros2_ws/install/cv_bridge/lib/python3.10/site-packages/cv_bridge-2.1.3-py3.10.egg-info
[8.061s] -- Installing: /home/marvin/cozmo_ros2_ws/install/cv_bridge/lib/python3.10/site-packages/cv_bridge-2.1.3-py3.10.egg-info/top_level.txt
[8.061s] -- Installing: /home/marvin/cozmo_ros2_ws/install/cv_bridge/lib/python3.10/site-packages/cv_bridge-2.1.3-py3.10.egg-info/dependency_links.txt
[8.061s] -- Installing: /home/marvin/cozmo_ros2_ws/install/cv_bridge/lib/python3.10/site-packages/cv_bridge-2.1.3-py3.10.egg-info/PKG-INFO
[8.061s] -- Installing: /home/marvin/cozmo_ros2_ws/install/cv_bridge/lib/python3.10/site-packages/cv_bridge-2.1.3-py3.10.egg-info/SOURCES.txt
[8.062s] -- Installing: /home/marvin/cozmo_ros2_ws/install/cv_bridge/lib/python3.10/site-packages/cv_bridge
[8.062s] -- Installing: /home/marvin/cozmo_ros2_ws/install/cv_bridge/lib/python3.10/site-packages/cv_bridge/__init__.py
[8.062s] -- Installing: /home/marvin/cozmo_ros2_ws/install/cv_bridge/lib/python3.10/site-packages/cv_bridge/core.py
[8.086s] Listing '/home/marvin/cozmo_ros2_ws/install/cv_bridge/lib/python3.10/site-packages/cv_bridge'...
[8.086s] Compiling '/home/marvin/cozmo_ros2_ws/install/cv_bridge/lib/python3.10/site-packages/cv_bridge/__init__.py'...
[8.086s] Compiling '/home/marvin/cozmo_ros2_ws/install/cv_bridge/lib/python3.10/site-packages/cv_bridge/core.py'...
[8.090s] -- Installing: /home/marvin/cozmo_ros2_ws/install/cv_bridge/lib/libcv_bridge.so
[8.091s] -- Set runtime path of "/home/marvin/cozmo_ros2_ws/install/cv_bridge/lib/libcv_bridge.so" to ""
[8.091s] -- Installing: /home/marvin/cozmo_ros2_ws/install/cv_bridge/include/cv_bridge/cv_bridge_export.h
[8.091s] -- Installing: /home/marvin/cozmo_ros2_ws/install/cv_bridge/lib/python3.10/site-packages/cv_bridge/boost/cv_bridge_boost.so
[8.092s] -- Set runtime path of "/home/marvin/cozmo_ros2_ws/install/cv_bridge/lib/python3.10/site-packages/cv_bridge/boost/cv_bridge_boost.so" to ""
[8.094s] Invoked command in '/home/marvin/cozmo_ros2_ws/build/cv_bridge' returned '0': CMAKE_PREFIX_PATH=/opt/ros/iron /usr/bin/cmake --install /home/marvin/cozmo_ros2_ws/build/cv_bridge
