[0.009s] Invoking command in '/home/marvin/cozmo_ros2_ws/build/image_geometry': CMAKE_PREFIX_PATH=/opt/ros/iron /usr/bin/cmake --build /home/marvin/cozmo_ros2_ws/build/image_geometry -- -j20 -l20
[0.057s] [35m[1mConsolidate compiler generated dependencies of target image_geometry[0m
[0.058s] [35m[1mConsolidate compiler generated dependencies of target gtest[0m
[0.058s] [35m[1mConsolidate compiler generated dependencies of target gtest_main[0m
[0.068s] [ 22%] Built target gtest_main
[0.069s] [ 22%] Built target ament_cmake_python_copy_image_geometry
[0.070s] [ 33%] [32m[1mLinking CXX shared library libimage_geometry.so[0m
[0.070s] [ 55%] Built target gtest
[0.175s] [ 77%] Built target image_geometry
[0.184s] [35m[1mConsolidate compiler generated dependencies of target image_geometry-utest[0m
[0.194s] [ 88%] [32m[1mLinking CXX executable image_geometry-utest[0m
[0.207s] running egg_info
[0.208s] writing image_geometry.egg-info/PKG-INFO
[0.208s] writing dependency_links to image_geometry.egg-info/dependency_links.txt
[0.208s] writing top-level names to image_geometry.egg-info/top_level.txt
[0.209s] reading manifest file 'image_geometry.egg-info/SOURCES.txt'
[0.210s] writing manifest file 'image_geometry.egg-info/SOURCES.txt'
[0.229s] [ 88%] Built target ament_cmake_python_build_image_geometry_egg
[0.320s] [100%] Built target image_geometry-utest
[0.330s] Invoked command in '/home/marvin/cozmo_ros2_ws/build/image_geometry' returned '0': CMAKE_PREFIX_PATH=/opt/ros/iron /usr/bin/cmake --build /home/marvin/cozmo_ros2_ws/build/image_geometry -- -j20 -l20
[0.356s] Invoking command in '/home/marvin/cozmo_ros2_ws/build/image_geometry': CMAKE_PREFIX_PATH=/opt/ros/iron /usr/bin/cmake --install /home/marvin/cozmo_ros2_ws/build/image_geometry
[0.361s] -- Install configuration: ""
[0.361s] -- Up-to-date: /home/marvin/cozmo_ros2_ws/install/image_geometry/share/image_geometry/environment/pythonpath.sh
[0.361s] -- Up-to-date: /home/marvin/cozmo_ros2_ws/install/image_geometry/share/image_geometry/environment/pythonpath.dsv
[0.361s] -- Up-to-date: /home/marvin/cozmo_ros2_ws/install/image_geometry/lib/python3.10/site-packages/image_geometry-2.1.3-py3.10.egg-info
[0.361s] -- Installing: /home/marvin/cozmo_ros2_ws/install/image_geometry/lib/python3.10/site-packages/image_geometry-2.1.3-py3.10.egg-info/top_level.txt
[0.361s] -- Installing: /home/marvin/cozmo_ros2_ws/install/image_geometry/lib/python3.10/site-packages/image_geometry-2.1.3-py3.10.egg-info/dependency_links.txt
[0.361s] -- Installing: /home/marvin/cozmo_ros2_ws/install/image_geometry/lib/python3.10/site-packages/image_geometry-2.1.3-py3.10.egg-info/PKG-INFO
[0.361s] -- Installing: /home/marvin/cozmo_ros2_ws/install/image_geometry/lib/python3.10/site-packages/image_geometry-2.1.3-py3.10.egg-info/SOURCES.txt
[0.361s] -- Up-to-date: /home/marvin/cozmo_ros2_ws/install/image_geometry/lib/python3.10/site-packages/image_geometry
[0.362s] -- Up-to-date: /home/marvin/cozmo_ros2_ws/install/image_geometry/lib/python3.10/site-packages/image_geometry/cameramodels.py
[0.362s] -- Up-to-date: /home/marvin/cozmo_ros2_ws/install/image_geometry/lib/python3.10/site-packages/image_geometry/__init__.py
[0.382s] Listing '/home/marvin/cozmo_ros2_ws/install/image_geometry/lib/python3.10/site-packages/image_geometry'...
[0.385s] -- Up-to-date: /home/marvin/cozmo_ros2_ws/install/image_geometry/include/image_geometry
[0.385s] -- Up-to-date: /home/marvin/cozmo_ros2_ws/install/image_geometry/include/image_geometry/pinhole_camera_model.h
[0.385s] -- Up-to-date: /home/marvin/cozmo_ros2_ws/install/image_geometry/include/image_geometry/stereo_camera_model.h
[0.385s] -- Up-to-date: /home/marvin/cozmo_ros2_ws/install/image_geometry/include/image_geometry/visibility_control.hpp
[0.385s] -- Installing: /home/marvin/cozmo_ros2_ws/install/image_geometry/lib/libimage_geometry.so
[0.386s] -- Set runtime path of "/home/marvin/cozmo_ros2_ws/install/image_geometry/lib/libimage_geometry.so" to ""
[0.386s] -- Up-to-date: /home/marvin/cozmo_ros2_ws/install/image_geometry/share/image_geometry/environment/library_path.sh
[0.386s] -- Up-to-date: /home/marvin/cozmo_ros2_ws/install/image_geometry/share/image_geometry/environment/library_path.dsv
[0.386s] -- Up-to-date: /home/marvin/cozmo_ros2_ws/install/image_geometry/share/ament_index/resource_index/package_run_dependencies/image_geometry
[0.386s] -- Up-to-date: /home/marvin/cozmo_ros2_ws/install/image_geometry/share/ament_index/resource_index/parent_prefix_path/image_geometry
[0.386s] -- Up-to-date: /home/marvin/cozmo_ros2_ws/install/image_geometry/share/image_geometry/environment/ament_prefix_path.sh
[0.386s] -- Up-to-date: /home/marvin/cozmo_ros2_ws/install/image_geometry/share/image_geometry/environment/ament_prefix_path.dsv
[0.387s] -- Up-to-date: /home/marvin/cozmo_ros2_ws/install/image_geometry/share/image_geometry/environment/path.sh
[0.387s] -- Up-to-date: /home/marvin/cozmo_ros2_ws/install/image_geometry/share/image_geometry/environment/path.dsv
[0.387s] -- Up-to-date: /home/marvin/cozmo_ros2_ws/install/image_geometry/share/image_geometry/local_setup.bash
[0.387s] -- Up-to-date: /home/marvin/cozmo_ros2_ws/install/image_geometry/share/image_geometry/local_setup.sh
[0.387s] -- Up-to-date: /home/marvin/cozmo_ros2_ws/install/image_geometry/share/image_geometry/local_setup.zsh
[0.387s] -- Up-to-date: /home/marvin/cozmo_ros2_ws/install/image_geometry/share/image_geometry/local_setup.dsv
[0.387s] -- Installing: /home/marvin/cozmo_ros2_ws/install/image_geometry/share/image_geometry/package.dsv
[0.387s] -- Up-to-date: /home/marvin/cozmo_ros2_ws/install/image_geometry/share/ament_index/resource_index/packages/image_geometry
[0.387s] -- Up-to-date: /home/marvin/cozmo_ros2_ws/install/image_geometry/share/image_geometry/cmake/ament_cmake_export_libraries-extras.cmake
[0.387s] -- Up-to-date: /home/marvin/cozmo_ros2_ws/install/image_geometry/share/image_geometry/cmake/ament_cmake_export_dependencies-extras.cmake
[0.387s] -- Up-to-date: /home/marvin/cozmo_ros2_ws/install/image_geometry/share/image_geometry/cmake/ament_cmake_export_include_directories-extras.cmake
[0.387s] -- Up-to-date: /home/marvin/cozmo_ros2_ws/install/image_geometry/share/image_geometry/cmake/image_geometryConfig.cmake
[0.387s] -- Up-to-date: /home/marvin/cozmo_ros2_ws/install/image_geometry/share/image_geometry/cmake/image_geometryConfig-version.cmake
[0.387s] -- Up-to-date: /home/marvin/cozmo_ros2_ws/install/image_geometry/share/image_geometry/package.xml
[0.388s] Invoked command in '/home/marvin/cozmo_ros2_ws/build/image_geometry' returned '0': CMAKE_PREFIX_PATH=/opt/ros/iron /usr/bin/cmake --install /home/marvin/cozmo_ros2_ws/build/image_geometry
