-- The C compiler identification is GNU 11.4.0
-- The CXX compiler identification is GNU 11.4.0
-- Detecting C compiler ABI info
-- Detecting C compiler ABI info - done
-- Check for working C compiler: /usr/bin/cc - skipped
-- Detecting C compile features
-- Detecting C compile features - done
-- Detecting CXX compiler ABI info
-- Detecting CXX compiler ABI info - done
-- Check for working CXX compiler: /usr/bin/c++ - skipped
-- Detecting CXX compile features
-- Detecting CXX compile features - done
-- Found ament_cmake_ros: 0.11.2 (/opt/ros/iron/share/ament_cmake_ros/cmake)
-- Found Python3: /usr/bin/python3.10 (found version "3.10.12") found components: Interpreter 
-- Found PythonLibs: /usr/lib/x86_64-linux-gnu/libpython3.10.so (found version "3.10.12") 
-- Found Boost: /usr/lib/x86_64-linux-gnu/cmake/Boost-1.74.0/BoostConfig.cmake (found version "1.74.0") found components: python 
-- Found sensor_msgs: 5.0.1 (/opt/ros/iron/share/sensor_msgs/cmake)
-- Found rosidl_generator_c: 4.0.1 (/opt/ros/iron/share/rosidl_generator_c/cmake)
-- Found rosidl_generator_cpp: 4.0.1 (/opt/ros/iron/share/rosidl_generator_cpp/cmake)
-- Using all available rosidl_typesupport_c: rosidl_typesupport_fastrtps_c;rosidl_typesupport_introspection_c
-- Using all available rosidl_typesupport_cpp: rosidl_typesupport_fastrtps_cpp;rosidl_typesupport_introspection_cpp
-- Found OpenCV: /usr (found version "4.5.4") found components: opencv_core opencv_imgproc opencv_imgcodecs 
-- Performing Test COMPILER_HAS_HIDDEN_VISIBILITY
-- Performing Test COMPILER_HAS_HIDDEN_VISIBILITY - Success
-- Performing Test COMPILER_HAS_HIDDEN_INLINE_VISIBILITY
-- Performing Test COMPILER_HAS_HIDDEN_INLINE_VISIBILITY - Success
-- Performing Test COMPILER_HAS_DEPRECATED_ATTR
-- Performing Test COMPILER_HAS_DEPRECATED_ATTR - Success
-- Found PythonInterp: /usr/bin/python3.10 (found version "3.10.12") 
-- Found PythonLibs: /usr/lib/x86_64-linux-gnu/libpython3.10.so (found suitable version "3.10.12", minimum required is "3.10") 
-- Found ament_lint_auto: 0.14.3 (/opt/ros/iron/share/ament_lint_auto/cmake)
-- Found gtest sources under '/opt/ros/iron/src/gtest_vendor': C++ tests using 'Google Test' will be built
-- Looking for pthread.h
-- Looking for pthread.h - found
-- Performing Test CMAKE_HAVE_LIBC_PTHREAD
-- Performing Test CMAKE_HAVE_LIBC_PTHREAD - Success
-- Found Threads: TRUE  
-- Configuring done
-- Generating done
-- Build files have been written to: /home/marvin/cozmo_ros2_ws/build/cv_bridge
[  6%] [32mBuilding CXX object src/CMakeFiles/cv_bridge.dir/rgb_colors.cpp.o[0m
[ 12%] [32mBuilding CXX object gtest/CMakeFiles/gtest_main.dir/src/gtest_main.cc.o[0m
[ 18%] [32mBuilding CXX object src/CMakeFiles/cv_bridge.dir/cv_bridge.cpp.o[0m
[ 25%] [32mBuilding CXX object gtest/CMakeFiles/gtest.dir/src/gtest-all.cc.o[0m
[ 25%] Built target ament_cmake_python_copy_cv_bridge
running egg_info
creating cv_bridge.egg-info
writing cv_bridge.egg-info/PKG-INFO
writing dependency_links to cv_bridge.egg-info/dependency_links.txt
writing top-level names to cv_bridge.egg-info/top_level.txt
writing manifest file 'cv_bridge.egg-info/SOURCES.txt'
reading manifest file 'cv_bridge.egg-info/SOURCES.txt'
writing manifest file 'cv_bridge.egg-info/SOURCES.txt'
[ 25%] Built target ament_cmake_python_build_cv_bridge_egg
[ 31%] [32m[1mLinking CXX static library libgtest_main.a[0m
[ 31%] Built target gtest_main
[ 37%] [32m[1mLinking CXX static library libgtest.a[0m
[ 37%] Built target gtest
[ 43%] [32m[1mLinking CXX shared library libcv_bridge.so[0m
[ 43%] Built target cv_bridge
[ 50%] [32mBuilding CXX object test/CMakeFiles/cv_bridge-utest.dir/utest.cpp.o[0m
[ 56%] [32mBuilding CXX object test/CMakeFiles/cv_bridge-utest.dir/utest2.cpp.o[0m
[ 62%] [32mBuilding CXX object test/CMakeFiles/cv_bridge-utest.dir/test_compression.cpp.o[0m
[ 68%] [32mBuilding CXX object test/CMakeFiles/cv_bridge-utest.dir/test_rgb_colors.cpp.o[0m
[ 75%] [32mBuilding CXX object src/CMakeFiles/cv_bridge_boost.dir/module.cpp.o[0m
[ 81%] [32mBuilding CXX object test/CMakeFiles/cv_bridge-utest.dir/test_endian.cpp.o[0m
[ 87%] [32mBuilding CXX object src/CMakeFiles/cv_bridge_boost.dir/module_opencv4.cpp.o[0m
In file included from [01m[K/usr/include/boost/smart_ptr/detail/sp_thread_sleep.hpp:22[m[K,
                 from [01m[K/usr/include/boost/smart_ptr/detail/yield_k.hpp:23[m[K,
                 from [01m[K/usr/include/boost/smart_ptr/detail/spinlock_gcc_atomic.hpp:14[m[K,
                 from [01m[K/usr/include/boost/smart_ptr/detail/spinlock.hpp:42[m[K,
                 from [01m[K/usr/include/boost/smart_ptr/detail/spinlock_pool.hpp:25[m[K,
                 from [01m[K/usr/include/boost/smart_ptr/shared_ptr.hpp:29[m[K,
                 from [01m[K/usr/include/boost/shared_ptr.hpp:17[m[K,
                 from [01m[K/usr/include/boost/python/converter/shared_ptr_to_python.hpp:12[m[K,
                 from [01m[K/usr/include/boost/python/converter/arg_to_python.hpp:15[m[K,
                 from [01m[K/usr/include/boost/python/call.hpp:15[m[K,
                 from [01m[K/usr/include/boost/python/object_core.hpp:14[m[K,
                 from [01m[K/usr/include/boost/python/args.hpp:22[m[K,
                 from [01m[K/usr/include/boost/python.hpp:11[m[K,
                 from [01m[K/home/marvin/cozmo_ros2_ws/src/vision_opencv/cv_bridge/src/module.hpp:24[m[K,
                 from [01m[K/home/marvin/cozmo_ros2_ws/src/vision_opencv/cv_bridge/src/module_opencv4.cpp:3[m[K:
[01m[K/usr/include/boost/bind.hpp:36:1:[m[K [01;36m[Knote: [m[K‘[01m[K#pragma message: The practice of declaring the Bind placeholders (_1, _2, ...) in the global namespace is deprecated. Please use <boost/bind/bind.hpp> + using namespace boost::placeholders, or define BOOST_BIND_GLOBAL_PLACEHOLDERS to retain the current behavior.[m[K’
   36 | [01;36m[KBOOST_PRAGMA_MESSAGE[m[K(
      | [01;36m[K^~~~~~~~~~~~~~~~~~~~[m[K
[01m[K/usr/include/boost/detail/iterator.hpp:13:1:[m[K [01;36m[Knote: [m[K‘[01m[K#pragma message: This header is deprecated. Use <iterator> instead.[m[K’
   13 | [01;36m[KBOOST_HEADER_DEPRECATED[m[K("<iterator>")
      | [01;36m[K^~~~~~~~~~~~~~~~~~~~~~~[m[K
[ 93%] [32m[1mLinking CXX executable cv_bridge-utest[0m
In file included from [01m[K/usr/include/boost/smart_ptr/detail/sp_thread_sleep.hpp:22[m[K,
                 from [01m[K/usr/include/boost/smart_ptr/detail/yield_k.hpp:23[m[K,
                 from [01m[K/usr/include/boost/smart_ptr/detail/spinlock_gcc_atomic.hpp:14[m[K,
                 from [01m[K/usr/include/boost/smart_ptr/detail/spinlock.hpp:42[m[K,
                 from [01m[K/usr/include/boost/smart_ptr/detail/spinlock_pool.hpp:25[m[K,
                 from [01m[K/usr/include/boost/smart_ptr/shared_ptr.hpp:29[m[K,
                 from [01m[K/usr/include/boost/shared_ptr.hpp:17[m[K,
                 from [01m[K/usr/include/boost/python/converter/shared_ptr_to_python.hpp:12[m[K,
                 from [01m[K/usr/include/boost/python/converter/arg_to_python.hpp:15[m[K,
                 from [01m[K/usr/include/boost/python/call.hpp:15[m[K,
                 from [01m[K/usr/include/boost/python/object_core.hpp:14[m[K,
                 from [01m[K/usr/include/boost/python/args.hpp:22[m[K,
                 from [01m[K/usr/include/boost/python.hpp:11[m[K,
                 from [01m[K/home/marvin/cozmo_ros2_ws/src/vision_opencv/cv_bridge/src/module.hpp:24[m[K,
                 from [01m[K/home/marvin/cozmo_ros2_ws/src/vision_opencv/cv_bridge/src/module.cpp:36[m[K:
[01m[K/usr/include/boost/bind.hpp:36:1:[m[K [01;36m[Knote: [m[K‘[01m[K#pragma message: The practice of declaring the Bind placeholders (_1, _2, ...) in the global namespace is deprecated. Please use <boost/bind/bind.hpp> + using namespace boost::placeholders, or define BOOST_BIND_GLOBAL_PLACEHOLDERS to retain the current behavior.[m[K’
   36 | [01;36m[KBOOST_PRAGMA_MESSAGE[m[K(
      | [01;36m[K^~~~~~~~~~~~~~~~~~~~[m[K
[01m[K/usr/include/boost/detail/iterator.hpp:13:1:[m[K [01;36m[Knote: [m[K‘[01m[K#pragma message: This header is deprecated. Use <iterator> instead.[m[K’
   13 | [01;36m[KBOOST_HEADER_DEPRECATED[m[K("<iterator>")
      | [01;36m[K^~~~~~~~~~~~~~~~~~~~~~~[m[K
[01m[K/home/marvin/cozmo_ros2_ws/src/vision_opencv/cv_bridge/src/module_opencv4.cpp:78:18:[m[K [01;35m[Kwarning: [m[K‘[01m[KPyObject* failmsgp(const char*, ...)[m[K’ defined but not used [[01;35m[K]8;;https://gcc.gnu.org/onlinedocs/gcc/Warning-Options.html#index-Wunused-function-Wunused-function]8;;[m[K]
   78 | static PyObject* [01;35m[Kfailmsgp[m[K(const char *fmt, ...)
      |                  [01;35m[K^~~~~~~~[m[K
[ 93%] Built target cv_bridge-utest
[100%] [32m[1mLinking CXX shared library boost/cv_bridge_boost.so[0m
[100%] Built target cv_bridge_boost
-- Install configuration: ""
-- Installing: /home/marvin/cozmo_ros2_ws/install/cv_bridge/share/cv_bridge/environment/library_path.sh
-- Installing: /home/marvin/cozmo_ros2_ws/install/cv_bridge/share/cv_bridge/environment/library_path.dsv
-- Installing: /home/marvin/cozmo_ros2_ws/install/cv_bridge/include/cv_bridge
-- Installing: /home/marvin/cozmo_ros2_ws/install/cv_bridge/include/cv_bridge/cv_bridge.h
-- Installing: /home/marvin/cozmo_ros2_ws/install/cv_bridge/include/cv_bridge/rgb_colors.h
-- Installing: /home/marvin/cozmo_ros2_ws/install/cv_bridge/share/ament_index/resource_index/package_run_dependencies/cv_bridge
-- Installing: /home/marvin/cozmo_ros2_ws/install/cv_bridge/share/ament_index/resource_index/parent_prefix_path/cv_bridge
-- Installing: /home/marvin/cozmo_ros2_ws/install/cv_bridge/share/cv_bridge/environment/ament_prefix_path.sh
-- Installing: /home/marvin/cozmo_ros2_ws/install/cv_bridge/share/cv_bridge/environment/ament_prefix_path.dsv
-- Installing: /home/marvin/cozmo_ros2_ws/install/cv_bridge/share/cv_bridge/environment/path.sh
-- Installing: /home/marvin/cozmo_ros2_ws/install/cv_bridge/share/cv_bridge/environment/path.dsv
-- Installing: /home/marvin/cozmo_ros2_ws/install/cv_bridge/share/cv_bridge/local_setup.bash
-- Installing: /home/marvin/cozmo_ros2_ws/install/cv_bridge/share/cv_bridge/local_setup.sh
-- Installing: /home/marvin/cozmo_ros2_ws/install/cv_bridge/share/cv_bridge/local_setup.zsh
-- Installing: /home/marvin/cozmo_ros2_ws/install/cv_bridge/share/cv_bridge/local_setup.dsv
-- Installing: /home/marvin/cozmo_ros2_ws/install/cv_bridge/share/cv_bridge/package.dsv
-- Installing: /home/marvin/cozmo_ros2_ws/install/cv_bridge/share/ament_index/resource_index/packages/cv_bridge
-- Installing: /home/marvin/cozmo_ros2_ws/install/cv_bridge/share/cv_bridge/cmake/cv_bridge-extras.cmake
-- Installing: /home/marvin/cozmo_ros2_ws/install/cv_bridge/share/cv_bridge/cmake/ament_cmake_export_dependencies-extras.cmake
-- Installing: /home/marvin/cozmo_ros2_ws/install/cv_bridge/share/cv_bridge/cmake/ament_cmake_export_include_directories-extras.cmake
-- Installing: /home/marvin/cozmo_ros2_ws/install/cv_bridge/share/cv_bridge/cmake/ament_cmake_export_libraries-extras.cmake
-- Installing: /home/marvin/cozmo_ros2_ws/install/cv_bridge/share/cv_bridge/cmake/cv_bridgeConfig.cmake
-- Installing: /home/marvin/cozmo_ros2_ws/install/cv_bridge/share/cv_bridge/cmake/cv_bridgeConfig-version.cmake
-- Installing: /home/marvin/cozmo_ros2_ws/install/cv_bridge/share/cv_bridge/package.xml
-- Installing: /home/marvin/cozmo_ros2_ws/install/cv_bridge/share/cv_bridge/environment/pythonpath.sh
-- Installing: /home/marvin/cozmo_ros2_ws/install/cv_bridge/share/cv_bridge/environment/pythonpath.dsv
-- Installing: /home/marvin/cozmo_ros2_ws/install/cv_bridge/lib/python3.10/site-packages/cv_bridge-2.1.3-py3.10.egg-info
-- Installing: /home/marvin/cozmo_ros2_ws/install/cv_bridge/lib/python3.10/site-packages/cv_bridge-2.1.3-py3.10.egg-info/top_level.txt
-- Installing: /home/marvin/cozmo_ros2_ws/install/cv_bridge/lib/python3.10/site-packages/cv_bridge-2.1.3-py3.10.egg-info/dependency_links.txt
-- Installing: /home/marvin/cozmo_ros2_ws/install/cv_bridge/lib/python3.10/site-packages/cv_bridge-2.1.3-py3.10.egg-info/PKG-INFO
-- Installing: /home/marvin/cozmo_ros2_ws/install/cv_bridge/lib/python3.10/site-packages/cv_bridge-2.1.3-py3.10.egg-info/SOURCES.txt
-- Installing: /home/marvin/cozmo_ros2_ws/install/cv_bridge/lib/python3.10/site-packages/cv_bridge
-- Installing: /home/marvin/cozmo_ros2_ws/install/cv_bridge/lib/python3.10/site-packages/cv_bridge/__init__.py
-- Installing: /home/marvin/cozmo_ros2_ws/install/cv_bridge/lib/python3.10/site-packages/cv_bridge/core.py
Listing '/home/marvin/cozmo_ros2_ws/install/cv_bridge/lib/python3.10/site-packages/cv_bridge'...
Compiling '/home/marvin/cozmo_ros2_ws/install/cv_bridge/lib/python3.10/site-packages/cv_bridge/__init__.py'...
Compiling '/home/marvin/cozmo_ros2_ws/install/cv_bridge/lib/python3.10/site-packages/cv_bridge/core.py'...
-- Installing: /home/marvin/cozmo_ros2_ws/install/cv_bridge/lib/libcv_bridge.so
-- Set runtime path of "/home/marvin/cozmo_ros2_ws/install/cv_bridge/lib/libcv_bridge.so" to ""
-- Installing: /home/marvin/cozmo_ros2_ws/install/cv_bridge/include/cv_bridge/cv_bridge_export.h
-- Installing: /home/marvin/cozmo_ros2_ws/install/cv_bridge/lib/python3.10/site-packages/cv_bridge/boost/cv_bridge_boost.so
-- Set runtime path of "/home/marvin/cozmo_ros2_ws/install/cv_bridge/lib/python3.10/site-packages/cv_bridge/boost/cv_bridge_boost.so" to ""
