[0.006s] Invoking command in '/home/marvin/cozmo_ros2_ws/build/image_geometry': CMAKE_PREFIX_PATH=/opt/ros/iron /usr/bin/cmake /home/marvin/cozmo_ros2_ws/src/vision_opencv/image_geometry -DCMAKE_INSTALL_PREFIX=/home/marvin/cozmo_ros2_ws/install/image_geometry
[0.110s] -- The C compiler identification is GNU 11.4.0
[0.173s] -- The CXX compiler identification is GNU 11.4.0
[0.180s] -- Detecting C compiler ABI info
[0.229s] -- Detecting C compiler ABI info - done
[0.234s] -- Check for working C compiler: /usr/bin/cc - skipped
[0.234s] -- Detecting C compile features
[0.235s] -- Detecting C compile features - done
[0.237s] -- Detecting CXX compiler ABI info
[0.296s] -- Detecting CXX compiler ABI info - done
[0.303s] -- Check for working CXX compiler: /usr/bin/c++ - skipped
[0.303s] -- Detecting CXX compile features
[0.304s] -- Detecting CXX compile features - done
[0.306s] -- Found ament_cmake_python: 2.0.5 (/opt/ros/iron/share/ament_cmake_python/cmake)
[0.307s] -- Found ament_cmake_ros: 0.11.2 (/opt/ros/iron/share/ament_cmake_ros/cmake)
[0.426s] -- Found Python3: /usr/bin/python3.10 (found version "3.10.12") found components: Interpreter 
[0.528s] -- Found OpenCV: /usr (found version "4.5.4") found components: calib3d core highgui imgproc 
[0.529s] -- Found sensor_msgs: 5.0.1 (/opt/ros/iron/share/sensor_msgs/cmake)
[0.547s] -- Found rosidl_generator_c: 4.0.1 (/opt/ros/iron/share/rosidl_generator_c/cmake)
[0.553s] -- Found rosidl_generator_cpp: 4.0.1 (/opt/ros/iron/share/rosidl_generator_cpp/cmake)
[0.562s] -- Using all available rosidl_typesupport_c: rosidl_typesupport_fastrtps_c;rosidl_typesupport_introspection_c
[0.572s] -- Using all available rosidl_typesupport_cpp: rosidl_typesupport_fastrtps_cpp;rosidl_typesupport_introspection_cpp
[0.696s] -- Found gtest sources under '/opt/ros/iron/src/gtest_vendor': C++ tests using 'Google Test' will be built
[0.698s] -- Looking for pthread.h
[0.753s] -- Looking for pthread.h - found
[0.753s] -- Performing Test CMAKE_HAVE_LIBC_PTHREAD
[0.803s] -- Performing Test CMAKE_HAVE_LIBC_PTHREAD - Success
[0.803s] -- Found Threads: TRUE  
[0.843s] -- Configuring done
[0.851s] -- Generating done
[0.851s] -- Build files have been written to: /home/marvin/cozmo_ros2_ws/build/image_geometry
[0.857s] Invoked command in '/home/marvin/cozmo_ros2_ws/build/image_geometry' returned '0': CMAKE_PREFIX_PATH=/opt/ros/iron /usr/bin/cmake /home/marvin/cozmo_ros2_ws/src/vision_opencv/image_geometry -DCMAKE_INSTALL_PREFIX=/home/marvin/cozmo_ros2_ws/install/image_geometry
[0.858s] Invoking command in '/home/marvin/cozmo_ros2_ws/build/image_geometry': CMAKE_PREFIX_PATH=/opt/ros/iron /usr/bin/cmake --build /home/marvin/cozmo_ros2_ws/build/image_geometry -- -j20 -l20
[0.895s] [ 11%] [32mBuilding CXX object gtest/CMakeFiles/gtest.dir/src/gtest-all.cc.o[0m
[0.895s] [ 22%] [32mBuilding CXX object gtest/CMakeFiles/gtest_main.dir/src/gtest_main.cc.o[0m
[0.896s] [ 33%] [32mBuilding CXX object CMakeFiles/image_geometry.dir/src/stereo_camera_model.cpp.o[0m
[0.896s] [ 44%] [32mBuilding CXX object CMakeFiles/image_geometry.dir/src/pinhole_camera_model.cpp.o[0m
[0.898s] [ 44%] Built target ament_cmake_python_copy_image_geometry
[1.044s] running egg_info
[1.045s] creating image_geometry.egg-info
[1.045s] writing image_geometry.egg-info/PKG-INFO
[1.045s] writing dependency_links to image_geometry.egg-info/dependency_links.txt
[1.045s] writing top-level names to image_geometry.egg-info/top_level.txt
[1.045s] writing manifest file 'image_geometry.egg-info/SOURCES.txt'
[1.046s] reading manifest file 'image_geometry.egg-info/SOURCES.txt'
[1.046s] writing manifest file 'image_geometry.egg-info/SOURCES.txt'
[1.066s] [ 44%] Built target ament_cmake_python_build_image_geometry_egg
[1.281s] [ 55%] [32m[1mLinking CXX static library libgtest_main.a[0m
[1.309s] [ 55%] Built target gtest_main
[1.638s] [ 66%] [32m[1mLinking CXX shared library libimage_geometry.so[0m
[1.730s] [ 66%] Built target image_geometry
[2.632s] [ 77%] [32m[1mLinking CXX static library libgtest.a[0m
[2.677s] [ 77%] Built target gtest
[2.695s] [ 88%] [32mBuilding CXX object test/CMakeFiles/image_geometry-utest.dir/utest.cpp.o[0m
[3.689s] [100%] [32m[1mLinking CXX executable image_geometry-utest[0m
[3.826s] [100%] Built target image_geometry-utest
[3.835s] Invoked command in '/home/marvin/cozmo_ros2_ws/build/image_geometry' returned '0': CMAKE_PREFIX_PATH=/opt/ros/iron /usr/bin/cmake --build /home/marvin/cozmo_ros2_ws/build/image_geometry -- -j20 -l20
[3.866s] Invoking command in '/home/marvin/cozmo_ros2_ws/build/image_geometry': CMAKE_PREFIX_PATH=/opt/ros/iron /usr/bin/cmake --install /home/marvin/cozmo_ros2_ws/build/image_geometry
[3.871s] -- Install configuration: ""
[3.871s] -- Installing: /home/marvin/cozmo_ros2_ws/install/image_geometry/share/image_geometry/environment/pythonpath.sh
[3.871s] -- Installing: /home/marvin/cozmo_ros2_ws/install/image_geometry/share/image_geometry/environment/pythonpath.dsv
[3.871s] -- Installing: /home/marvin/cozmo_ros2_ws/install/image_geometry/lib/python3.10/site-packages/image_geometry-2.1.3-py3.10.egg-info
[3.871s] -- Installing: /home/marvin/cozmo_ros2_ws/install/image_geometry/lib/python3.10/site-packages/image_geometry-2.1.3-py3.10.egg-info/top_level.txt
[3.871s] -- Installing: /home/marvin/cozmo_ros2_ws/install/image_geometry/lib/python3.10/site-packages/image_geometry-2.1.3-py3.10.egg-info/dependency_links.txt
[3.871s] -- Installing: /home/marvin/cozmo_ros2_ws/install/image_geometry/lib/python3.10/site-packages/image_geometry-2.1.3-py3.10.egg-info/PKG-INFO
[3.871s] -- Installing: /home/marvin/cozmo_ros2_ws/install/image_geometry/lib/python3.10/site-packages/image_geometry-2.1.3-py3.10.egg-info/SOURCES.txt
[3.871s] -- Installing: /home/marvin/cozmo_ros2_ws/install/image_geometry/lib/python3.10/site-packages/image_geometry
[3.871s] -- Installing: /home/marvin/cozmo_ros2_ws/install/image_geometry/lib/python3.10/site-packages/image_geometry/cameramodels.py
[3.871s] -- Installing: /home/marvin/cozmo_ros2_ws/install/image_geometry/lib/python3.10/site-packages/image_geometry/__init__.py
[3.890s] Listing '/home/marvin/cozmo_ros2_ws/install/image_geometry/lib/python3.10/site-packages/image_geometry'...
[3.890s] Compiling '/home/marvin/cozmo_ros2_ws/install/image_geometry/lib/python3.10/site-packages/image_geometry/__init__.py'...
[3.890s] Compiling '/home/marvin/cozmo_ros2_ws/install/image_geometry/lib/python3.10/site-packages/image_geometry/cameramodels.py'...
[3.893s] -- Installing: /home/marvin/cozmo_ros2_ws/install/image_geometry/include/image_geometry
[3.893s] -- Installing: /home/marvin/cozmo_ros2_ws/install/image_geometry/include/image_geometry/pinhole_camera_model.h
[3.893s] -- Installing: /home/marvin/cozmo_ros2_ws/install/image_geometry/include/image_geometry/stereo_camera_model.h
[3.893s] -- Installing: /home/marvin/cozmo_ros2_ws/install/image_geometry/include/image_geometry/visibility_control.hpp
[3.893s] -- Installing: /home/marvin/cozmo_ros2_ws/install/image_geometry/lib/libimage_geometry.so
[3.893s] -- Set runtime path of "/home/marvin/cozmo_ros2_ws/install/image_geometry/lib/libimage_geometry.so" to ""
[3.893s] -- Installing: /home/marvin/cozmo_ros2_ws/install/image_geometry/share/image_geometry/environment/library_path.sh
[3.893s] -- Installing: /home/marvin/cozmo_ros2_ws/install/image_geometry/share/image_geometry/environment/library_path.dsv
[3.893s] -- Installing: /home/marvin/cozmo_ros2_ws/install/image_geometry/share/ament_index/resource_index/package_run_dependencies/image_geometry
[3.893s] -- Installing: /home/marvin/cozmo_ros2_ws/install/image_geometry/share/ament_index/resource_index/parent_prefix_path/image_geometry
[3.893s] -- Installing: /home/marvin/cozmo_ros2_ws/install/image_geometry/share/image_geometry/environment/ament_prefix_path.sh
[3.893s] -- Installing: /home/marvin/cozmo_ros2_ws/install/image_geometry/share/image_geometry/environment/ament_prefix_path.dsv
[3.893s] -- Installing: /home/marvin/cozmo_ros2_ws/install/image_geometry/share/image_geometry/environment/path.sh
[3.893s] -- Installing: /home/marvin/cozmo_ros2_ws/install/image_geometry/share/image_geometry/environment/path.dsv
[3.893s] -- Installing: /home/marvin/cozmo_ros2_ws/install/image_geometry/share/image_geometry/local_setup.bash
[3.894s] -- Installing: /home/marvin/cozmo_ros2_ws/install/image_geometry/share/image_geometry/local_setup.sh
[3.894s] -- Installing: /home/marvin/cozmo_ros2_ws/install/image_geometry/share/image_geometry/local_setup.zsh
[3.894s] -- Installing: /home/marvin/cozmo_ros2_ws/install/image_geometry/share/image_geometry/local_setup.dsv
[3.894s] -- Installing: /home/marvin/cozmo_ros2_ws/install/image_geometry/share/image_geometry/package.dsv
[3.894s] -- Installing: /home/marvin/cozmo_ros2_ws/install/image_geometry/share/ament_index/resource_index/packages/image_geometry
[3.894s] -- Installing: /home/marvin/cozmo_ros2_ws/install/image_geometry/share/image_geometry/cmake/ament_cmake_export_libraries-extras.cmake
[3.894s] -- Installing: /home/marvin/cozmo_ros2_ws/install/image_geometry/share/image_geometry/cmake/ament_cmake_export_dependencies-extras.cmake
[3.894s] -- Installing: /home/marvin/cozmo_ros2_ws/install/image_geometry/share/image_geometry/cmake/ament_cmake_export_include_directories-extras.cmake
[3.894s] -- Installing: /home/marvin/cozmo_ros2_ws/install/image_geometry/share/image_geometry/cmake/image_geometryConfig.cmake
[3.894s] -- Installing: /home/marvin/cozmo_ros2_ws/install/image_geometry/share/image_geometry/cmake/image_geometryConfig-version.cmake
[3.894s] -- Installing: /home/marvin/cozmo_ros2_ws/install/image_geometry/share/image_geometry/package.xml
[3.895s] Invoked command in '/home/marvin/cozmo_ros2_ws/build/image_geometry' returned '0': CMAKE_PREFIX_PATH=/opt/ros/iron /usr/bin/cmake --install /home/marvin/cozmo_ros2_ws/build/image_geometry
