[0.165s] Invoking command in '/home/marvin/cozmo_ros2_ws/build/vision_opencv': AMENT_PREFIX_PATH=/home/marvin/cozmo_ros2_ws/install/image_geometry:/home/marvin/cozmo_ros2_ws/install/cv_bridge:${AMENT_PREFIX_PATH} CMAKE_PREFIX_PATH=/home/marvin/cozmo_ros2_ws/install/image_geometry:/home/marvin/cozmo_ros2_ws/install/cv_bridge:/opt/ros/iron LD_LIBRARY_PATH=/home/marvin/cozmo_ros2_ws/install/image_geometry/lib:/home/marvin/cozmo_ros2_ws/install/cv_bridge/lib:${LD_LIBRARY_PATH} PYTHONPATH=/home/marvin/cozmo_ros2_ws/install/image_geometry/lib/python3.10/site-packages:/home/marvin/cozmo_ros2_ws/install/cv_bridge/lib/python3.10/site-packages:${PYTHONPATH} /usr/bin/cmake /home/marvin/cozmo_ros2_ws/src/vision_opencv/vision_opencv -DCMAKE_INSTALL_PREFIX=/home/marvin/cozmo_ros2_ws/install/vision_opencv
[0.215s] -- The C compiler identification is GNU 11.4.0
[0.258s] -- The CXX compiler identification is GNU 11.4.0
[0.264s] -- Detecting C compiler ABI info
[0.323s] -- Detecting C compiler ABI info - done
[0.328s] -- Check for working C compiler: /usr/bin/cc - skipped
[0.328s] -- Detecting C compile features
[0.328s] -- Detecting C compile features - done
[0.330s] -- Detecting CXX compiler ABI info
[0.388s] -- Detecting CXX compiler ABI info - done
[0.394s] -- Check for working CXX compiler: /usr/bin/c++ - skipped
[0.394s] -- Detecting CXX compile features
[0.395s] -- Detecting CXX compile features - done
[0.396s] -- Found ament_cmake: 2.0.5 (/opt/ros/iron/share/ament_cmake/cmake)
[0.513s] -- Found Python3: /usr/bin/python3.10 (found version "3.10.12") found components: Interpreter 
[0.601s] -- Configuring done
[0.603s] -- Generating done
[0.603s] -- Build files have been written to: /home/marvin/cozmo_ros2_ws/build/vision_opencv
[0.606s] Invoked command in '/home/marvin/cozmo_ros2_ws/build/vision_opencv' returned '0': AMENT_PREFIX_PATH=/home/marvin/cozmo_ros2_ws/install/image_geometry:/home/marvin/cozmo_ros2_ws/install/cv_bridge:${AMENT_PREFIX_PATH} CMAKE_PREFIX_PATH=/home/marvin/cozmo_ros2_ws/install/image_geometry:/home/marvin/cozmo_ros2_ws/install/cv_bridge:/opt/ros/iron LD_LIBRARY_PATH=/home/marvin/cozmo_ros2_ws/install/image_geometry/lib:/home/marvin/cozmo_ros2_ws/install/cv_bridge/lib:${LD_LIBRARY_PATH} PYTHONPATH=/home/marvin/cozmo_ros2_ws/install/image_geometry/lib/python3.10/site-packages:/home/marvin/cozmo_ros2_ws/install/cv_bridge/lib/python3.10/site-packages:${PYTHONPATH} /usr/bin/cmake /home/marvin/cozmo_ros2_ws/src/vision_opencv/vision_opencv -DCMAKE_INSTALL_PREFIX=/home/marvin/cozmo_ros2_ws/install/vision_opencv
[0.607s] Invoking command in '/home/marvin/cozmo_ros2_ws/build/vision_opencv': AMENT_PREFIX_PATH=/home/marvin/cozmo_ros2_ws/install/image_geometry:/home/marvin/cozmo_ros2_ws/install/cv_bridge:${AMENT_PREFIX_PATH} CMAKE_PREFIX_PATH=/home/marvin/cozmo_ros2_ws/install/image_geometry:/home/marvin/cozmo_ros2_ws/install/cv_bridge:/opt/ros/iron LD_LIBRARY_PATH=/home/marvin/cozmo_ros2_ws/install/image_geometry/lib:/home/marvin/cozmo_ros2_ws/install/cv_bridge/lib:${LD_LIBRARY_PATH} PYTHONPATH=/home/marvin/cozmo_ros2_ws/install/image_geometry/lib/python3.10/site-packages:/home/marvin/cozmo_ros2_ws/install/cv_bridge/lib/python3.10/site-packages:${PYTHONPATH} /usr/bin/cmake --build /home/marvin/cozmo_ros2_ws/build/vision_opencv -- -j20 -l20
[0.635s] Invoked command in '/home/marvin/cozmo_ros2_ws/build/vision_opencv' returned '0': AMENT_PREFIX_PATH=/home/marvin/cozmo_ros2_ws/install/image_geometry:/home/marvin/cozmo_ros2_ws/install/cv_bridge:${AMENT_PREFIX_PATH} CMAKE_PREFIX_PATH=/home/marvin/cozmo_ros2_ws/install/image_geometry:/home/marvin/cozmo_ros2_ws/install/cv_bridge:/opt/ros/iron LD_LIBRARY_PATH=/home/marvin/cozmo_ros2_ws/install/image_geometry/lib:/home/marvin/cozmo_ros2_ws/install/cv_bridge/lib:${LD_LIBRARY_PATH} PYTHONPATH=/home/marvin/cozmo_ros2_ws/install/image_geometry/lib/python3.10/site-packages:/home/marvin/cozmo_ros2_ws/install/cv_bridge/lib/python3.10/site-packages:${PYTHONPATH} /usr/bin/cmake --build /home/marvin/cozmo_ros2_ws/build/vision_opencv -- -j20 -l20
[0.652s] Invoking command in '/home/marvin/cozmo_ros2_ws/build/vision_opencv': AMENT_PREFIX_PATH=/home/marvin/cozmo_ros2_ws/install/image_geometry:/home/marvin/cozmo_ros2_ws/install/cv_bridge:${AMENT_PREFIX_PATH} CMAKE_PREFIX_PATH=/home/marvin/cozmo_ros2_ws/install/image_geometry:/home/marvin/cozmo_ros2_ws/install/cv_bridge:/opt/ros/iron LD_LIBRARY_PATH=/home/marvin/cozmo_ros2_ws/install/image_geometry/lib:/home/marvin/cozmo_ros2_ws/install/cv_bridge/lib:${LD_LIBRARY_PATH} PYTHONPATH=/home/marvin/cozmo_ros2_ws/install/image_geometry/lib/python3.10/site-packages:/home/marvin/cozmo_ros2_ws/install/cv_bridge/lib/python3.10/site-packages:${PYTHONPATH} /usr/bin/cmake --install /home/marvin/cozmo_ros2_ws/build/vision_opencv
[0.657s] -- Install configuration: ""
[0.657s] -- Installing: /home/marvin/cozmo_ros2_ws/install/vision_opencv/share/ament_index/resource_index/package_run_dependencies/vision_opencv
[0.657s] -- Installing: /home/marvin/cozmo_ros2_ws/install/vision_opencv/share/ament_index/resource_index/parent_prefix_path/vision_opencv
[0.657s] -- Installing: /home/marvin/cozmo_ros2_ws/install/vision_opencv/share/vision_opencv/environment/ament_prefix_path.sh
[0.657s] -- Installing: /home/marvin/cozmo_ros2_ws/install/vision_opencv/share/vision_opencv/environment/ament_prefix_path.dsv
[0.657s] -- Installing: /home/marvin/cozmo_ros2_ws/install/vision_opencv/share/vision_opencv/environment/path.sh
[0.657s] -- Installing: /home/marvin/cozmo_ros2_ws/install/vision_opencv/share/vision_opencv/environment/path.dsv
[0.657s] -- Installing: /home/marvin/cozmo_ros2_ws/install/vision_opencv/share/vision_opencv/local_setup.bash
[0.657s] -- Installing: /home/marvin/cozmo_ros2_ws/install/vision_opencv/share/vision_opencv/local_setup.sh
[0.658s] -- Installing: /home/marvin/cozmo_ros2_ws/install/vision_opencv/share/vision_opencv/local_setup.zsh
[0.658s] -- Installing: /home/marvin/cozmo_ros2_ws/install/vision_opencv/share/vision_opencv/local_setup.dsv
[0.658s] -- Installing: /home/marvin/cozmo_ros2_ws/install/vision_opencv/share/vision_opencv/package.dsv
[0.658s] -- Installing: /home/marvin/cozmo_ros2_ws/install/vision_opencv/share/ament_index/resource_index/packages/vision_opencv
[0.658s] -- Installing: /home/marvin/cozmo_ros2_ws/install/vision_opencv/share/vision_opencv/cmake/vision_opencvConfig.cmake
[0.658s] -- Installing: /home/marvin/cozmo_ros2_ws/install/vision_opencv/share/vision_opencv/cmake/vision_opencvConfig-version.cmake
[0.658s] -- Installing: /home/marvin/cozmo_ros2_ws/install/vision_opencv/share/vision_opencv/package.xml
[0.659s] Invoked command in '/home/marvin/cozmo_ros2_ws/build/vision_opencv' returned '0': AMENT_PREFIX_PATH=/home/marvin/cozmo_ros2_ws/install/image_geometry:/home/marvin/cozmo_ros2_ws/install/cv_bridge:${AMENT_PREFIX_PATH} CMAKE_PREFIX_PATH=/home/marvin/cozmo_ros2_ws/install/image_geometry:/home/marvin/cozmo_ros2_ws/install/cv_bridge:/opt/ros/iron LD_LIBRARY_PATH=/home/marvin/cozmo_ros2_ws/install/image_geometry/lib:/home/marvin/cozmo_ros2_ws/install/cv_bridge/lib:${LD_LIBRARY_PATH} PYTHONPATH=/home/marvin/cozmo_ros2_ws/install/image_geometry/lib/python3.10/site-packages:/home/marvin/cozmo_ros2_ws/install/cv_bridge/lib/python3.10/site-packages:${PYTHONPATH} /usr/bin/cmake --install /home/marvin/cozmo_ros2_ws/build/vision_opencv
